{"message":"Bookmark with id 2 successfully deleted.","level":"info"}
{"message":"Id is required","level":"error"}
{"message":"Id is required","level":"error"}
{"message":"Id is required","level":"error"}
{"message":"Id is required","level":"error"}
{"message":"Id is required","level":"error"}
{"message":"Id is required","level":"error"}
{"message":"Id is required","level":"error"}
{"message":"Id is required","level":"error"}
{"message":"Id is required","level":"error"}
{"message":"Id is required","level":"error"}
{"message":"Id is required","level":"error"}
{"message":"Id is required","level":"error"}
{"message":"Id is required","level":"error"}
{"message":"Id is required","level":"error"}
{"message":"Id is required","level":"error"}
{"message":"Id is required","level":"error"}
{"message":"Id is required","level":"error"}
{"message":"Id is required","level":"error"}
{"message":"Id is required","level":"error"}
{"message":"Id is required","level":"error"}
{"message":"Id is required","level":"error"}
{"message":"Id is required","level":"error"}
{"message":"Id is required","level":"error"}
{"message":"Id is required","level":"error"}
{"message":"Id is required","level":"error"}
{"message":"Id is required","level":"error"}
{"message":"Id is required","level":"error"}
{"message":"Id is required","level":"error"}
{"message":"Id is required","level":"error"}
{"message":"Id is required","level":"error"}
{"message":"Id is required","level":"error"}
{"message":"Id is required","level":"error"}
{"message":"Id is required","level":"error"}
{"message":"Id is required","level":"error"}
{"message":"Id is required","level":"error"}
{"message":"Id is required","level":"error"}
{"message":"Id is required","level":"error"}
{"message":"Id is required","level":"error"}
{"message":"Id is required","level":"error"}
{"message":"Id is required","level":"error"}
{"message":"Id is required","level":"error"}
{"message":"Id is required","level":"error"}
{"message":"Id is required","level":"error"}
{"message":"Id is required","level":"error"}
{"message":"Id is required","level":"error"}
{"message":"Id is required","level":"error"}
{"message":"Id is required","level":"error"}
{"message":"Id is required","level":"error"}
{"message":"Id is required","level":"error"}
{"message":"Id is required","level":"error"}
{"message":"Id is required","level":"error"}
{"message":"Id is required","level":"error"}
{"message":"Id is required","level":"error"}
{"message":"Id is required","level":"error"}
{"message":"Desc is required","level":"error"}
{"message":"Desc is required","level":"error"}
{"message":"The bookmark titled I like cats was created successfully.","level":"info"}
{"message":"The bookmark titled I like cats was created successfully.","level":"info"}
{"message":"The bookmark titled sdfsdf was created successfully.","level":"info"}
{"message":"Bookmark with id 2 successfully deleted.","level":"info"}
{"message":"Unauthorized request to path: /","level":"error"}
{"message":"Unauthorized request to path: /bookmarks","level":"error"}
{"message":"Unauthorized request to path: /bookmarks","level":"error"}
{"message":"Unauthorized request to path: /bookmarks","level":"error"}
{"message":"Unauthorized request to path: /bookmarks","level":"error"}
{"message":"Unauthorized request to path: /bookmarks","level":"error"}
{"message":"Unauthorized request to path: /articles","level":"error"}
{"message":"Unauthorized request to path: /articles","level":"error"}
{"message":"Unauthorized request to path: /articles","level":"error"}
{"message":"Unauthorized request to path: /articles","level":"error"}
{"message":"The bookmark titled Periwinkle was created successfully.","level":"info"}
{"message":"The bookmark titled Heroku was created successfully.","level":"info"}
{"message":"The bookmark titled Heroku was created successfully.","level":"info"}
{"message":"The bookmark titled Heroku was created successfully.","level":"info"}
{"message":"The bookmark titled Heroku was created successfully.","level":"info"}
{"message":"The bookmark titled Heroku was created successfully.","level":"info"}
{"message":"The bookmark titled Heroku was created successfully.","level":"info"}
{"message":"The bookmark titled Heroku was created successfully.","level":"info"}
{"message":"The bookmark titled Heroku was created successfully.","level":"info"}
{"message":"The bookmark titled Heroku was created successfully.","level":"info"}
{"message":"The bookmark titled Heroku was created successfully.","level":"info"}
{"message":"The bookmark titled Heroku was created successfully.","level":"info"}
{"message":"The bookmark titled Heroku was created successfully.","level":"info"}
{"message":"The bookmark titled Heroku was created successfully.","level":"info"}
{"message":"The bookmark titled Heroku was created successfully.","level":"info"}
{"message":"The bookmark titled Heroku was created successfully.","level":"info"}
{"message":"The bookmark titled Heroku was created successfully.","level":"info"}
{"message":"The bookmark titled Heroku was created successfully.","level":"info"}
{"message":"The bookmark titled Heroku was created successfully.","level":"info"}
{"message":"The bookmark titled Heroku was created successfully.","level":"info"}
{"message":"The bookmark titled Heroku was created successfully.","level":"info"}
{"message":"The bookmark titled Periwinkle was created successfully.","level":"info"}
{"message":"The bookmark titled Periwinkle was created successfully.","level":"info"}
{"message":"The bookmark titled Periwinkle was created successfully.","level":"info"}
{"message":"The bookmark titled Periwinkle was created successfully.","level":"info"}
{"message":"The bookmark titled Heroku was created successfully.","level":"info"}
{"message":"The bookmark titled Heroku was created successfully.","level":"info"}
{"message":"The bookmark titled Heroku was created successfully.","level":"info"}
{"message":"The bookmark titled Heroku was created successfully.","level":"info"}
{"message":"The bookmark titled Heroku was created successfully.","level":"info"}
{"message":"The bookmark titled Heroku was created successfully.","level":"info"}
{"message":"Title is required","level":"error"}
{"message":"Url is required","level":"error"}
{"message":"Rating is required","level":"error"}
{"message":"Desc is required","level":"error"}
{"message":"The bookmark titled Heroku was created successfully.","level":"info"}
{"message":"Title is required","level":"error"}
{"message":"Url is required","level":"error"}
{"message":"Rating is required","level":"error"}
{"message":"Desc is required","level":"error"}
{"message":"The bookmark titled Heroku was created successfully.","level":"info"}
{"message":"Title is required","level":"error"}
{"message":"Url is required","level":"error"}
{"message":"Rating is required","level":"error"}
{"message":"Description is required","level":"error"}
{"message":"The bookmark titled Heroku was created successfully.","level":"info"}
{"message":"Title is required","level":"error"}
{"message":"Title is required","level":"error"}
{"message":"Url is required","level":"error"}
{"message":"Url is required","level":"error"}
{"message":"Rating is required","level":"error"}
{"message":"Rating is required","level":"error"}
{"message":"Description is required","level":"error"}
{"message":"Description is required","level":"error"}
{"message":"The bookmark titled Heroku was created successfully.","level":"info"}
{"message":"Title is required","level":"error"}
{"message":"Rating must be between 1 and 5","level":"error"}
{"message":"Url is required","level":"error"}
{"message":"Rating must be between 1 and 5","level":"error"}
{"message":"Rating is required","level":"error"}
{"message":"Rating must be between 1 and 5","level":"error"}
{"message":"Description is required","level":"error"}
{"message":"Rating must be between 1 and 5","level":"error"}
{"message":"The bookmark titled Heroku was created successfully.","level":"info"}
{"message":"Title is required","level":"error"}
{"message":"Rating must be between 1 and 5","level":"error"}
{"message":"Url is required","level":"error"}
{"message":"Rating must be between 1 and 5","level":"error"}
{"message":"Rating is required","level":"error"}
{"message":"Rating must be between 1 and 5","level":"error"}
{"message":"Description is required","level":"error"}
{"message":"Rating must be between 1 and 5","level":"error"}
{"message":"The bookmark titled Heroku was created successfully.","level":"info"}
{"message":"Title is required","level":"error"}
{"message":"Rating must be between 1 and 5","level":"error"}
{"message":"Url is required","level":"error"}
{"message":"Rating must be between 1 and 5","level":"error"}
{"message":"Rating is required","level":"error"}
{"message":"Rating must be between 1 and 5","level":"error"}
{"message":"Description is required","level":"error"}
{"message":"Rating must be between 1 and 5","level":"error"}
{"message":"The bookmark titled Heroku was created successfully.","level":"info"}
{"message":"Title is required","level":"error"}
{"message":"Rating must be between 1 and 5","level":"error"}
{"message":"Url is required","level":"error"}
{"message":"Rating must be between 1 and 5","level":"error"}
{"message":"Rating is required","level":"error"}
{"message":"Rating must be between 1 and 5","level":"error"}
{"message":"Description is required","level":"error"}
{"message":"Rating must be between 1 and 5","level":"error"}
{"message":"The bookmark titled Heroku was created successfully.","level":"info"}
{"message":"Title is required","level":"error"}
{"message":"Url is required","level":"error"}
{"message":"Rating is required","level":"error"}
{"message":"Description is required","level":"error"}
{"message":"The bookmark titled Heroku was created successfully.","level":"info"}
{"message":"Title is required","level":"error"}
{"message":"Title is required","level":"error"}
{"message":"Title is required","level":"error"}
{"message":"Title is required","level":"error"}
{"message":"Rating must be between 1 and 5","level":"error"}
{"message":"The bookmark titled Heroku was created successfully.","level":"info"}
{"message":"Title is required","level":"error"}
{"message":"Url is required","level":"error"}
{"message":"Rating is required","level":"error"}
{"message":"Description is required","level":"error"}
{"message":"Rating must be between 1 and 5","level":"error"}
{"message":"The bookmark titled Heroku was created successfully.","level":"info"}
{"message":"Title is required","level":"error"}
{"message":"Url is required","level":"error"}
{"message":"Rating is required","level":"error"}
{"message":"Description is required","level":"error"}
{"message":"Rating must be between 1 and 5","level":"error"}
{"message":"The bookmark titled Heroku was created successfully.","level":"info"}
{"message":"Title is required","level":"error"}
{"message":"Unauthorized request to path: /bookmarks","level":"error"}
{"message":"Url is required","level":"error"}
{"message":"Unauthorized request to path: /bookmarks","level":"error"}
{"message":"Rating is required","level":"error"}
{"message":"Unauthorized request to path: /bookmarks","level":"error"}
{"message":"Description is required","level":"error"}
{"message":"Unauthorized request to path: /bookmarks","level":"error"}
{"message":"Rating must be between 1 and 5","level":"error"}
{"message":"The bookmark titled Heroku was created successfully.","level":"info"}
{"message":"Title is required","level":"error"}
{"message":"The bookmark titled Naughty naughty very naughty &lt;script&gt;alert(\"xss\");&lt;/script&gt; was created successfully.","level":"info"}
{"message":"Url is required","level":"error"}
{"message":"The bookmark titled Naughty naughty very naughty &lt;script&gt;alert(\"xss\");&lt;/script&gt; was created successfully.","level":"info"}
{"message":"Rating is required","level":"error"}
{"message":"The bookmark titled Naughty naughty very naughty &lt;script&gt;alert(\"xss\");&lt;/script&gt; was created successfully.","level":"info"}
{"message":"Description is required","level":"error"}
{"message":"The bookmark titled Naughty naughty very naughty &lt;script&gt;alert(\"xss\");&lt;/script&gt; was created successfully.","level":"info"}
{"message":"Rating must be between 1 and 5","level":"error"}
{"message":"The bookmark titled Heroku was created successfully.","level":"info"}
{"message":"Title is required","level":"error"}
{"message":"The bookmark titled Naughty naughty very naughty &lt;script&gt;alert(\"xss\");&lt;/script&gt; was created successfully.","level":"info"}
{"message":"Url is required","level":"error"}
{"message":"The bookmark titled Naughty naughty very naughty &lt;script&gt;alert(\"xss\");&lt;/script&gt; was created successfully.","level":"info"}
{"message":"Rating is required","level":"error"}
{"message":"The bookmark titled Naughty naughty very naughty &lt;script&gt;alert(\"xss\");&lt;/script&gt; was created successfully.","level":"info"}
{"message":"Description is required","level":"error"}
{"message":"The bookmark titled Naughty naughty very naughty &lt;script&gt;alert(\"xss\");&lt;/script&gt; was created successfully.","level":"info"}
{"message":"Rating must be between 1 and 5","level":"error"}
{"message":"The bookmark titled Heroku was created successfully.","level":"info"}
{"message":"Title is required","level":"error"}
{"message":"The bookmark titled Naughty naughty very naughty &lt;script&gt;alert(\"xss\");&lt;/script&gt; was created successfully.","level":"info"}
{"message":"Url is required","level":"error"}
{"message":"The bookmark titled Naughty naughty very naughty &lt;script&gt;alert(\"xss\");&lt;/script&gt; was created successfully.","level":"info"}
{"message":"Rating is required","level":"error"}
{"message":"The bookmark titled Naughty naughty very naughty &lt;script&gt;alert(\"xss\");&lt;/script&gt; was created successfully.","level":"info"}
{"message":"Description is required","level":"error"}
{"message":"The bookmark titled Naughty naughty very naughty &lt;script&gt;alert(\"xss\");&lt;/script&gt; was created successfully.","level":"info"}
{"message":"Rating must be between 1 and 5","level":"error"}
{"message":"Unauthorized request to path: /bookmarks/123456","level":"error"}
{"message":"Unauthorized request to path: /bookmarks/96","level":"error"}
{"message":"The bookmark titled Heroku was created successfully.","level":"info"}
{"message":"Title is required","level":"error"}
{"message":"The bookmark titled Naughty naughty very naughty &lt;script&gt;alert(\"xss\");&lt;/script&gt; was created successfully.","level":"info"}
{"message":"Url is required","level":"error"}
{"message":"The bookmark titled Naughty naughty very naughty &lt;script&gt;alert(\"xss\");&lt;/script&gt; was created successfully.","level":"info"}
{"message":"Rating is required","level":"error"}
{"message":"The bookmark titled Naughty naughty very naughty &lt;script&gt;alert(\"xss\");&lt;/script&gt; was created successfully.","level":"info"}
{"message":"Description is required","level":"error"}
{"message":"The bookmark titled Naughty naughty very naughty &lt;script&gt;alert(\"xss\");&lt;/script&gt; was created successfully.","level":"info"}
{"message":"Rating must be between 1 and 5","level":"error"}
{"message":"The bookmark titled Heroku was created successfully.","level":"info"}
{"message":"Title is required","level":"error"}
{"message":"The bookmark titled Naughty naughty very naughty &lt;script&gt;alert(\"xss\");&lt;/script&gt; was created successfully.","level":"info"}
{"message":"Url is required","level":"error"}
{"message":"The bookmark titled Naughty naughty very naughty &lt;script&gt;alert(\"xss\");&lt;/script&gt; was created successfully.","level":"info"}
{"message":"Rating is required","level":"error"}
{"message":"The bookmark titled Naughty naughty very naughty &lt;script&gt;alert(\"xss\");&lt;/script&gt; was created successfully.","level":"info"}
{"message":"Description is required","level":"error"}
{"message":"The bookmark titled Naughty naughty very naughty &lt;script&gt;alert(\"xss\");&lt;/script&gt; was created successfully.","level":"info"}
{"message":"Rating must be between 1 and 5","level":"error"}
{"message":"The bookmark titled Heroku was created successfully.","level":"info"}
{"message":"Title is required","level":"error"}
{"message":"The bookmark titled Naughty naughty very naughty &lt;script&gt;alert(\"xss\");&lt;/script&gt; was created successfully.","level":"info"}
{"message":"Url is required","level":"error"}
{"message":"The bookmark titled Naughty naughty very naughty &lt;script&gt;alert(\"xss\");&lt;/script&gt; was created successfully.","level":"info"}
{"message":"Rating is required","level":"error"}
{"message":"The bookmark titled Naughty naughty very naughty &lt;script&gt;alert(\"xss\");&lt;/script&gt; was created successfully.","level":"info"}
{"message":"Description is required","level":"error"}
{"message":"The bookmark titled Naughty naughty very naughty &lt;script&gt;alert(\"xss\");&lt;/script&gt; was created successfully.","level":"info"}
{"message":"Rating must be between 1 and 5","level":"error"}
{"message":"The bookmark titled Heroku was created successfully.","level":"info"}
{"message":"Title is required","level":"error"}
{"message":"The bookmark titled Naughty naughty very naughty &lt;script&gt;alert(\"xss\");&lt;/script&gt; was created successfully.","level":"info"}
{"message":"Url is required","level":"error"}
{"message":"The bookmark titled Naughty naughty very naughty &lt;script&gt;alert(\"xss\");&lt;/script&gt; was created successfully.","level":"info"}
{"message":"Rating is required","level":"error"}
{"message":"The bookmark titled Naughty naughty very naughty &lt;script&gt;alert(\"xss\");&lt;/script&gt; was created successfully.","level":"info"}
{"message":"Description is required","level":"error"}
{"message":"The bookmark titled Naughty naughty very naughty &lt;script&gt;alert(\"xss\");&lt;/script&gt; was created successfully.","level":"info"}
{"message":"Rating must be between 1 and 5","level":"error"}
{"message":"Bookmark with id 123456 successfully deleted.","level":"info"}
{"message":"Bookmark with id 96 successfully deleted.","level":"info"}
{"message":"Unauthorized request to path: /bookmarks","level":"error"}
{"message":"The bookmark titled Heroku was created successfully.","level":"info"}
{"message":"Title is required","level":"error"}
{"message":"The bookmark titled Naughty naughty very naughty &lt;script&gt;alert(\"xss\");&lt;/script&gt; was created successfully.","level":"info"}
{"message":"Url is required","level":"error"}
{"message":"The bookmark titled Naughty naughty very naughty &lt;script&gt;alert(\"xss\");&lt;/script&gt; was created successfully.","level":"info"}
{"message":"Rating is required","level":"error"}
{"message":"The bookmark titled Naughty naughty very naughty &lt;script&gt;alert(\"xss\");&lt;/script&gt; was created successfully.","level":"info"}
{"message":"Description is required","level":"error"}
{"message":"The bookmark titled Naughty naughty very naughty &lt;script&gt;alert(\"xss\");&lt;/script&gt; was created successfully.","level":"info"}
{"message":"Rating must be between 1 and 5","level":"error"}
{"message":"Bookmark with id 123456 successfully deleted.","level":"info"}
{"message":"Bookmark with id 96 successfully deleted.","level":"info"}
{"message":"Unauthorized request to path: /bookmarks","level":"error"}
{"message":"The bookmark titled Heroku was created successfully.","level":"info"}
{"message":"Title is required","level":"error"}
{"message":"The bookmark titled Naughty naughty very naughty &lt;script&gt;alert(\"xss\");&lt;/script&gt; was created successfully.","level":"info"}
{"message":"Url is required","level":"error"}
{"message":"The bookmark titled Naughty naughty very naughty &lt;script&gt;alert(\"xss\");&lt;/script&gt; was created successfully.","level":"info"}
{"message":"Rating is required","level":"error"}
{"message":"The bookmark titled Naughty naughty very naughty &lt;script&gt;alert(\"xss\");&lt;/script&gt; was created successfully.","level":"info"}
{"message":"Description is required","level":"error"}
{"message":"The bookmark titled Naughty naughty very naughty &lt;script&gt;alert(\"xss\");&lt;/script&gt; was created successfully.","level":"info"}
{"message":"Rating must be between 1 and 5","level":"error"}
{"message":"Bookmark with id 123456 successfully deleted.","level":"info"}
{"message":"Bookmark with id 96 successfully deleted.","level":"info"}
{"message":"Unauthorized request to path: /bookmarks","level":"error"}
{"message":"The bookmark titled Heroku was created successfully.","level":"info"}
{"message":"Title is required","level":"error"}
{"message":"The bookmark titled Naughty naughty very naughty &lt;script&gt;alert(\"xss\");&lt;/script&gt; was created successfully.","level":"info"}
{"message":"Url is required","level":"error"}
{"message":"The bookmark titled Naughty naughty very naughty &lt;script&gt;alert(\"xss\");&lt;/script&gt; was created successfully.","level":"info"}
{"message":"Rating is required","level":"error"}
{"message":"The bookmark titled Naughty naughty very naughty &lt;script&gt;alert(\"xss\");&lt;/script&gt; was created successfully.","level":"info"}
{"message":"Description is required","level":"error"}
{"message":"The bookmark titled Naughty naughty very naughty &lt;script&gt;alert(\"xss\");&lt;/script&gt; was created successfully.","level":"info"}
{"message":"Rating must be between 1 and 5","level":"error"}
{"message":"Bookmark with id 123456 successfully deleted.","level":"info"}
{"message":"Bookmark with id 96 successfully deleted.","level":"info"}
{"message":"Unauthorized request to path: /bookmarks","level":"error"}
{"message":"The bookmark titled Heroku was created successfully.","level":"info"}
{"message":"Title is required","level":"error"}
{"message":"The bookmark titled Naughty naughty very naughty &lt;script&gt;alert(\"xss\");&lt;/script&gt; was created successfully.","level":"info"}
{"message":"Url is required","level":"error"}
{"message":"The bookmark titled Naughty naughty very naughty &lt;script&gt;alert(\"xss\");&lt;/script&gt; was created successfully.","level":"info"}
{"message":"Rating is required","level":"error"}
{"message":"The bookmark titled Naughty naughty very naughty &lt;script&gt;alert(\"xss\");&lt;/script&gt; was created successfully.","level":"info"}
{"message":"Description is required","level":"error"}
{"message":"The bookmark titled Naughty naughty very naughty &lt;script&gt;alert(\"xss\");&lt;/script&gt; was created successfully.","level":"info"}
{"message":"Rating must be between 1 and 5","level":"error"}
{"message":"Bookmark with id 123456 successfully deleted.","level":"info"}
{"message":"The bookmark titled Heroku was created successfully.","level":"info"}
{"message":"Title is required","level":"error"}
{"message":"The bookmark titled Naughty naughty very naughty &lt;script&gt;alert(\"xss\");&lt;/script&gt; was created successfully.","level":"info"}
{"message":"Url is required","level":"error"}
{"message":"The bookmark titled Naughty naughty very naughty &lt;script&gt;alert(\"xss\");&lt;/script&gt; was created successfully.","level":"info"}
{"message":"Rating is required","level":"error"}
{"message":"The bookmark titled Naughty naughty very naughty &lt;script&gt;alert(\"xss\");&lt;/script&gt; was created successfully.","level":"info"}
{"message":"Description is required","level":"error"}
{"message":"The bookmark titled Naughty naughty very naughty &lt;script&gt;alert(\"xss\");&lt;/script&gt; was created successfully.","level":"info"}
{"message":"Rating must be between 1 and 5","level":"error"}
{"message":"The bookmark titled Heroku was created successfully.","level":"info"}
{"message":"Title is required","level":"error"}
{"message":"The bookmark titled Naughty naughty very naughty &lt;script&gt;alert(\"xss\");&lt;/script&gt; was created successfully.","level":"info"}
{"message":"Url is required","level":"error"}
{"message":"The bookmark titled Naughty naughty very naughty &lt;script&gt;alert(\"xss\");&lt;/script&gt; was created successfully.","level":"info"}
{"message":"Rating is required","level":"error"}
{"message":"The bookmark titled Naughty naughty very naughty &lt;script&gt;alert(\"xss\");&lt;/script&gt; was created successfully.","level":"info"}
{"message":"Description is required","level":"error"}
{"message":"The bookmark titled Naughty naughty very naughty &lt;script&gt;alert(\"xss\");&lt;/script&gt; was created successfully.","level":"info"}
{"message":"Rating must be between 1 and 5","level":"error"}
{"message":"The bookmark titled Heroku was created successfully.","level":"info"}
{"message":"Title is required","level":"error"}
{"message":"The bookmark titled Naughty naughty very naughty &lt;script&gt;alert(\"xss\");&lt;/script&gt; was created successfully.","level":"info"}
{"message":"Url is required","level":"error"}
{"message":"The bookmark titled Naughty naughty very naughty &lt;script&gt;alert(\"xss\");&lt;/script&gt; was created successfully.","level":"info"}
{"message":"Rating is required","level":"error"}
{"message":"The bookmark titled Naughty naughty very naughty &lt;script&gt;alert(\"xss\");&lt;/script&gt; was created successfully.","level":"info"}
{"message":"Description is required","level":"error"}
{"message":"The bookmark titled Naughty naughty very naughty &lt;script&gt;alert(\"xss\");&lt;/script&gt; was created successfully.","level":"info"}
{"message":"Rating must be between 1 and 5","level":"error"}
{"message":"The bookmark titled Heroku was created successfully.","level":"info"}
{"message":"Title is required","level":"error"}
{"message":"The bookmark titled Naughty naughty very naughty &lt;script&gt;alert(\"xss\");&lt;/script&gt; was created successfully.","level":"info"}
{"message":"Url is required","level":"error"}
{"message":"The bookmark titled Naughty naughty very naughty &lt;script&gt;alert(\"xss\");&lt;/script&gt; was created successfully.","level":"info"}
{"message":"Rating is required","level":"error"}
{"message":"The bookmark titled Naughty naughty very naughty &lt;script&gt;alert(\"xss\");&lt;/script&gt; was created successfully.","level":"info"}
{"message":"Description is required","level":"error"}
{"message":"The bookmark titled Naughty naughty very naughty &lt;script&gt;alert(\"xss\");&lt;/script&gt; was created successfully.","level":"info"}
{"message":"Rating must be between 1 and 5","level":"error"}
{"message":"The bookmark titled Heroku was created successfully.","level":"info"}
{"message":"Title is required","level":"error"}
{"message":"The bookmark titled Naughty naughty very naughty &lt;script&gt;alert(\"xss\");&lt;/script&gt; was created successfully.","level":"info"}
{"message":"Url is required","level":"error"}
{"message":"The bookmark titled Naughty naughty very naughty &lt;script&gt;alert(\"xss\");&lt;/script&gt; was created successfully.","level":"info"}
{"message":"Rating is required","level":"error"}
{"message":"The bookmark titled Naughty naughty very naughty &lt;script&gt;alert(\"xss\");&lt;/script&gt; was created successfully.","level":"info"}
{"message":"Description is required","level":"error"}
{"message":"The bookmark titled Naughty naughty very naughty &lt;script&gt;alert(\"xss\");&lt;/script&gt; was created successfully.","level":"info"}
{"message":"Rating must be between 1 and 5","level":"error"}
{"message":"The bookmark titled Heroku was created successfully.","level":"info"}
{"message":"Title is required","level":"error"}
{"message":"The bookmark titled Naughty naughty very naughty &lt;script&gt;alert(\"xss\");&lt;/script&gt; was created successfully.","level":"info"}
{"message":"Url is required","level":"error"}
{"message":"The bookmark titled Naughty naughty very naughty &lt;script&gt;alert(\"xss\");&lt;/script&gt; was created successfully.","level":"info"}
{"message":"Rating is required","level":"error"}
{"message":"The bookmark titled Naughty naughty very naughty &lt;script&gt;alert(\"xss\");&lt;/script&gt; was created successfully.","level":"info"}
{"message":"Description is required","level":"error"}
{"message":"The bookmark titled Naughty naughty very naughty &lt;script&gt;alert(\"xss\");&lt;/script&gt; was created successfully.","level":"info"}
{"message":"Rating must be between 1 and 5","level":"error"}
{"message":"The bookmark titled Heroku was created successfully.","level":"info"}
{"message":"Title is required","level":"error"}
{"message":"The bookmark titled Naughty naughty very naughty &lt;script&gt;alert(\"xss\");&lt;/script&gt; was created successfully.","level":"info"}
{"message":"Url is required","level":"error"}
{"message":"The bookmark titled Naughty naughty very naughty &lt;script&gt;alert(\"xss\");&lt;/script&gt; was created successfully.","level":"info"}
{"message":"Rating is required","level":"error"}
{"message":"The bookmark titled Naughty naughty very naughty &lt;script&gt;alert(\"xss\");&lt;/script&gt; was created successfully.","level":"info"}
{"message":"Description is required","level":"error"}
{"message":"The bookmark titled Naughty naughty very naughty &lt;script&gt;alert(\"xss\");&lt;/script&gt; was created successfully.","level":"info"}
{"message":"Rating must be between 1 and 5","level":"error"}
{"message":"The bookmark titled Heroku was created successfully.","level":"info"}
{"message":"Title is required","level":"error"}
{"message":"The bookmark titled Naughty naughty very naughty &lt;script&gt;alert(\"xss\");&lt;/script&gt; was created successfully.","level":"info"}
{"message":"Url is required","level":"error"}
{"message":"The bookmark titled Naughty naughty very naughty &lt;script&gt;alert(\"xss\");&lt;/script&gt; was created successfully.","level":"info"}
{"message":"Rating is required","level":"error"}
{"message":"The bookmark titled Naughty naughty very naughty &lt;script&gt;alert(\"xss\");&lt;/script&gt; was created successfully.","level":"info"}
{"message":"Description is required","level":"error"}
{"message":"The bookmark titled Naughty naughty very naughty &lt;script&gt;alert(\"xss\");&lt;/script&gt; was created successfully.","level":"info"}
{"message":"Rating must be between 1 and 5","level":"error"}
{"message":"The bookmark titled Heroku was created successfully.","level":"info"}
{"message":"Title is required","level":"error"}
{"message":"The bookmark titled Naughty naughty very naughty &lt;script&gt;alert(\"xss\");&lt;/script&gt; was created successfully.","level":"info"}
{"message":"Url is required","level":"error"}
{"message":"The bookmark titled Naughty naughty very naughty &lt;script&gt;alert(\"xss\");&lt;/script&gt; was created successfully.","level":"info"}
{"message":"Rating is required","level":"error"}
{"message":"The bookmark titled Naughty naughty very naughty &lt;script&gt;alert(\"xss\");&lt;/script&gt; was created successfully.","level":"info"}
{"message":"Description is required","level":"error"}
{"message":"The bookmark titled Naughty naughty very naughty &lt;script&gt;alert(\"xss\");&lt;/script&gt; was created successfully.","level":"info"}
{"message":"Rating must be between 1 and 5","level":"error"}
{"message":"Bookmark with id 123456 successfully deleted.","level":"info"}
{"message":"The bookmark titled Heroku was created successfully.","level":"info"}
{"message":"Title is required","level":"error"}
{"message":"The bookmark titled Naughty naughty very naughty &lt;script&gt;alert(\"xss\");&lt;/script&gt; was created successfully.","level":"info"}
{"message":"Url is required","level":"error"}
{"message":"The bookmark titled Naughty naughty very naughty &lt;script&gt;alert(\"xss\");&lt;/script&gt; was created successfully.","level":"info"}
{"message":"Rating is required","level":"error"}
{"message":"The bookmark titled Naughty naughty very naughty &lt;script&gt;alert(\"xss\");&lt;/script&gt; was created successfully.","level":"info"}
{"message":"Description is required","level":"error"}
{"message":"The bookmark titled Naughty naughty very naughty &lt;script&gt;alert(\"xss\");&lt;/script&gt; was created successfully.","level":"info"}
{"message":"Rating must be between 1 and 5","level":"error"}
{"message":"Bookmark with id 123456 successfully deleted.","level":"info"}
{"message":"The bookmark titled Heroku was created successfully.","level":"info"}
{"message":"Title is required","level":"error"}
{"message":"The bookmark titled Naughty naughty very naughty &lt;script&gt;alert(\"xss\");&lt;/script&gt; was created successfully.","level":"info"}
{"message":"Url is required","level":"error"}
{"message":"The bookmark titled Naughty naughty very naughty &lt;script&gt;alert(\"xss\");&lt;/script&gt; was created successfully.","level":"info"}
{"message":"Rating is required","level":"error"}
{"message":"The bookmark titled Naughty naughty very naughty &lt;script&gt;alert(\"xss\");&lt;/script&gt; was created successfully.","level":"info"}
{"message":"Description is required","level":"error"}
{"message":"The bookmark titled Naughty naughty very naughty &lt;script&gt;alert(\"xss\");&lt;/script&gt; was created successfully.","level":"info"}
{"message":"Rating must be between 1 and 5","level":"error"}
{"message":"Bookmark with id 123456 successfully deleted.","level":"info"}
{"message":"The bookmark titled Heroku was created successfully.","level":"info"}
{"message":"Title is required","level":"error"}
{"message":"The bookmark titled Naughty naughty very naughty &lt;script&gt;alert(\"xss\");&lt;/script&gt; was created successfully.","level":"info"}
{"message":"Url is required","level":"error"}
{"message":"The bookmark titled Naughty naughty very naughty &lt;script&gt;alert(\"xss\");&lt;/script&gt; was created successfully.","level":"info"}
{"message":"Rating is required","level":"error"}
{"message":"The bookmark titled Naughty naughty very naughty &lt;script&gt;alert(\"xss\");&lt;/script&gt; was created successfully.","level":"info"}
{"message":"Description is required","level":"error"}
{"message":"The bookmark titled Naughty naughty very naughty &lt;script&gt;alert(\"xss\");&lt;/script&gt; was created successfully.","level":"info"}
{"message":"Rating must be between 1 and 5","level":"error"}
{"message":"Bookmark with id 123456 successfully deleted.","level":"info"}
{"message":"The bookmark titled Heroku was created successfully.","level":"info"}
{"message":"Title is required","level":"error"}
{"message":"The bookmark titled Naughty naughty very naughty &lt;script&gt;alert(\"xss\");&lt;/script&gt; was created successfully.","level":"info"}
{"message":"Url is required","level":"error"}
{"message":"The bookmark titled Naughty naughty very naughty &lt;script&gt;alert(\"xss\");&lt;/script&gt; was created successfully.","level":"info"}
{"message":"Rating is required","level":"error"}
{"message":"The bookmark titled Naughty naughty very naughty &lt;script&gt;alert(\"xss\");&lt;/script&gt; was created successfully.","level":"info"}
{"message":"Description is required","level":"error"}
{"message":"The bookmark titled Naughty naughty very naughty &lt;script&gt;alert(\"xss\");&lt;/script&gt; was created successfully.","level":"info"}
{"message":"Rating must be between 1 and 5","level":"error"}
{"message":"Bookmark with id 123456 successfully deleted.","level":"info"}
{"message":"The bookmark titled Heroku was created successfully.","level":"info"}
{"message":"Title is required","level":"error"}
{"message":"The bookmark titled Naughty naughty very naughty &lt;script&gt;alert(\"xss\");&lt;/script&gt; was created successfully.","level":"info"}
{"message":"Url is required","level":"error"}
{"message":"The bookmark titled Naughty naughty very naughty &lt;script&gt;alert(\"xss\");&lt;/script&gt; was created successfully.","level":"info"}
{"message":"Rating is required","level":"error"}
{"message":"The bookmark titled Naughty naughty very naughty &lt;script&gt;alert(\"xss\");&lt;/script&gt; was created successfully.","level":"info"}
{"message":"Description is required","level":"error"}
{"message":"The bookmark titled Naughty naughty very naughty &lt;script&gt;alert(\"xss\");&lt;/script&gt; was created successfully.","level":"info"}
{"message":"Rating must be between 1 and 5","level":"error"}
{"message":"Bookmark with id 123456 was not found.","level":"info"}
{"message":"The bookmark titled Heroku was created successfully.","level":"info"}
{"message":"Title is required","level":"error"}
{"message":"The bookmark titled Naughty naughty very naughty &lt;script&gt;alert(\"xss\");&lt;/script&gt; was created successfully.","level":"info"}
{"message":"Url is required","level":"error"}
{"message":"The bookmark titled Naughty naughty very naughty &lt;script&gt;alert(\"xss\");&lt;/script&gt; was created successfully.","level":"info"}
{"message":"Rating is required","level":"error"}
{"message":"The bookmark titled Naughty naughty very naughty &lt;script&gt;alert(\"xss\");&lt;/script&gt; was created successfully.","level":"info"}
{"message":"Description is required","level":"error"}
{"message":"The bookmark titled Naughty naughty very naughty &lt;script&gt;alert(\"xss\");&lt;/script&gt; was created successfully.","level":"info"}
{"message":"Rating must be between 1 and 5","level":"error"}
{"message":"Bookmark with id 123456 was not found.","level":"info"}
{"message":"Bookmark with id 123456 successfully deleted.","level":"info"}
{"message":"The bookmark titled Heroku was created successfully.","level":"info"}
{"message":"Title is required","level":"error"}
{"message":"The bookmark titled Naughty naughty very naughty &lt;script&gt;alert(\"xss\");&lt;/script&gt; was created successfully.","level":"info"}
{"message":"Url is required","level":"error"}
{"message":"The bookmark titled Naughty naughty very naughty &lt;script&gt;alert(\"xss\");&lt;/script&gt; was created successfully.","level":"info"}
{"message":"Rating is required","level":"error"}
{"message":"The bookmark titled Naughty naughty very naughty &lt;script&gt;alert(\"xss\");&lt;/script&gt; was created successfully.","level":"info"}
{"message":"Description is required","level":"error"}
{"message":"The bookmark titled Naughty naughty very naughty &lt;script&gt;alert(\"xss\");&lt;/script&gt; was created successfully.","level":"info"}
{"message":"Rating must be between 1 and 5","level":"error"}
{"message":"Bookmark with id 123456 was not found.","level":"info"}
{"message":"Bookmark with id 123456 successfully deleted.","level":"info"}
{"message":"Bookmark with id 96 was not found.","level":"info"}
{"message":"Bookmark with id 96 successfully deleted.","level":"info"}
{"message":"The bookmark titled Heroku was created successfully.","level":"info"}
{"message":"Title is required","level":"error"}
{"message":"The bookmark titled Naughty naughty very naughty &lt;script&gt;alert(\"xss\");&lt;/script&gt; was created successfully.","level":"info"}
{"message":"Url is required","level":"error"}
{"message":"The bookmark titled Naughty naughty very naughty &lt;script&gt;alert(\"xss\");&lt;/script&gt; was created successfully.","level":"info"}
{"message":"Rating is required","level":"error"}
{"message":"The bookmark titled Naughty naughty very naughty &lt;script&gt;alert(\"xss\");&lt;/script&gt; was created successfully.","level":"info"}
{"message":"Description is required","level":"error"}
{"message":"The bookmark titled Naughty naughty very naughty &lt;script&gt;alert(\"xss\");&lt;/script&gt; was created successfully.","level":"info"}
{"message":"Rating must be between 1 and 5","level":"error"}
{"message":"Bookmark with id 123456 was not found.","level":"info"}
{"message":"Bookmark with id 123456 successfully deleted.","level":"info"}
{"message":"Bookmark with id 96 was not found.","level":"info"}
{"message":"Bookmark with id 96 successfully deleted.","level":"info"}
{"message":"The bookmark titled Heroku was created successfully.","level":"info"}
{"message":"Title is required","level":"error"}
{"message":"The bookmark titled Naughty naughty very naughty &lt;script&gt;alert(\"xss\");&lt;/script&gt; was created successfully.","level":"info"}
{"message":"Url is required","level":"error"}
{"message":"The bookmark titled Naughty naughty very naughty &lt;script&gt;alert(\"xss\");&lt;/script&gt; was created successfully.","level":"info"}
{"message":"Rating is required","level":"error"}
{"message":"The bookmark titled Naughty naughty very naughty &lt;script&gt;alert(\"xss\");&lt;/script&gt; was created successfully.","level":"info"}
{"message":"Description is required","level":"error"}
{"message":"The bookmark titled Naughty naughty very naughty &lt;script&gt;alert(\"xss\");&lt;/script&gt; was created successfully.","level":"info"}
{"message":"Rating must be between 1 and 5","level":"error"}
{"message":"Bookmark with id 123456 was not found.","level":"info"}
{"message":"Bookmark with id 96 was not found.","level":"info"}
{"message":"The bookmark titled Heroku was created successfully.","level":"info"}
{"message":"Title is required","level":"error"}
{"message":"The bookmark titled Naughty naughty very naughty &lt;script&gt;alert(\"xss\");&lt;/script&gt; was created successfully.","level":"info"}
{"message":"Url is required","level":"error"}
{"message":"The bookmark titled Naughty naughty very naughty &lt;script&gt;alert(\"xss\");&lt;/script&gt; was created successfully.","level":"info"}
{"message":"Rating is required","level":"error"}
{"message":"The bookmark titled Naughty naughty very naughty &lt;script&gt;alert(\"xss\");&lt;/script&gt; was created successfully.","level":"info"}
{"message":"Description is required","level":"error"}
{"message":"The bookmark titled Naughty naughty very naughty &lt;script&gt;alert(\"xss\");&lt;/script&gt; was created successfully.","level":"info"}
{"message":"Rating must be between 1 and 5","level":"error"}
{"message":"The bookmark titled Heroku was created successfully.","level":"info"}
{"message":"Title is required","level":"error"}
{"message":"The bookmark titled Naughty naughty very naughty &lt;script&gt;alert(\"xss\");&lt;/script&gt; was created successfully.","level":"info"}
{"message":"Url is required","level":"error"}
{"message":"The bookmark titled Naughty naughty very naughty &lt;script&gt;alert(\"xss\");&lt;/script&gt; was created successfully.","level":"info"}
{"message":"Rating is required","level":"error"}
{"message":"The bookmark titled Naughty naughty very naughty &lt;script&gt;alert(\"xss\");&lt;/script&gt; was created successfully.","level":"info"}
{"message":"Description is required","level":"error"}
{"message":"The bookmark titled Naughty naughty very naughty &lt;script&gt;alert(\"xss\");&lt;/script&gt; was created successfully.","level":"info"}
{"message":"Rating must be between 1 and 5","level":"error"}
{"message":"Bookmark with id 123456 was not found.","level":"info"}
{"message":"Bookmark with id 96 was not found.","level":"info"}
{"message":"The bookmark titled Heroku was created successfully.","level":"info"}
{"message":"Title is required","level":"error"}
{"message":"The bookmark titled Naughty naughty very naughty &lt;script&gt;alert(\"xss\");&lt;/script&gt; was created successfully.","level":"info"}
{"message":"Url is required","level":"error"}
{"message":"The bookmark titled Naughty naughty very naughty &lt;script&gt;alert(\"xss\");&lt;/script&gt; was created successfully.","level":"info"}
{"message":"Rating is required","level":"error"}
{"message":"The bookmark titled Naughty naughty very naughty &lt;script&gt;alert(\"xss\");&lt;/script&gt; was created successfully.","level":"info"}
{"message":"Description is required","level":"error"}
{"message":"The bookmark titled Naughty naughty very naughty &lt;script&gt;alert(\"xss\");&lt;/script&gt; was created successfully.","level":"info"}
{"message":"Rating must be between 1 and 5","level":"error"}
{"message":"Bookmark with id 123456 was not succesfully deleted.","level":"info"}
{"message":"Bookmark with id 96 was not succesfully deleted.","level":"info"}
{"message":"Unauthorized request to path: /bookmarks","level":"error"}
{"message":"Bookmark with id 2 was not succesfully deleted.","level":"info"}
{"message":"Bookmark with id 2 was successfully deleted.","level":"info"}
{"message":"The bookmark titled Heroku was created successfully.","level":"info"}
{"message":"Title is required","level":"error"}
{"message":"The bookmark titled Naughty naughty very naughty &lt;script&gt;alert(\"xss\");&lt;/script&gt; was created successfully.","level":"info"}
{"message":"Url is required","level":"error"}
{"message":"The bookmark titled Naughty naughty very naughty &lt;script&gt;alert(\"xss\");&lt;/script&gt; was created successfully.","level":"info"}
{"message":"Rating is required","level":"error"}
{"message":"The bookmark titled Naughty naughty very naughty &lt;script&gt;alert(\"xss\");&lt;/script&gt; was created successfully.","level":"info"}
{"message":"Description is required","level":"error"}
{"message":"The bookmark titled Naughty naughty very naughty &lt;script&gt;alert(\"xss\");&lt;/script&gt; was created successfully.","level":"info"}
{"message":"Rating must be between 1 and 5","level":"error"}
{"message":"Bookmark with id 123456 was successfully deleted.","level":"info"}
{"message":"Bookmark with id 96 was successfully deleted.","level":"info"}
{"message":"Unauthorized request to path: /bookmarks","level":"error"}
{"message":"The bookmark titled Heroku was created successfully.","level":"info"}
{"message":"Title is required","level":"error"}
{"message":"The bookmark titled Naughty naughty very naughty &lt;script&gt;alert(\"xss\");&lt;/script&gt; was created successfully.","level":"info"}
{"message":"Url is required","level":"error"}
{"message":"The bookmark titled Naughty naughty very naughty &lt;script&gt;alert(\"xss\");&lt;/script&gt; was created successfully.","level":"info"}
{"message":"Rating is required","level":"error"}
{"message":"The bookmark titled Naughty naughty very naughty &lt;script&gt;alert(\"xss\");&lt;/script&gt; was created successfully.","level":"info"}
{"message":"Description is required","level":"error"}
{"message":"The bookmark titled Naughty naughty very naughty &lt;script&gt;alert(\"xss\");&lt;/script&gt; was created successfully.","level":"info"}
{"message":"Rating must be between 1 and 5","level":"error"}
{"message":"Bookmark with id 123456 was successfully deleted.","level":"info"}
{"message":"Bookmark with id 96 was successfully deleted.","level":"info"}
{"message":"Unauthorized request to path: /bookmarks","level":"error"}
{"message":"The bookmark titled Heroku was created successfully.","level":"info"}
{"message":"Title is required","level":"error"}
{"message":"The bookmark titled Naughty naughty very naughty &lt;script&gt;alert(\"xss\");&lt;/script&gt; was created successfully.","level":"info"}
{"message":"Url is required","level":"error"}
{"message":"The bookmark titled Naughty naughty very naughty &lt;script&gt;alert(\"xss\");&lt;/script&gt; was created successfully.","level":"info"}
{"message":"Rating is required","level":"error"}
{"message":"The bookmark titled Naughty naughty very naughty &lt;script&gt;alert(\"xss\");&lt;/script&gt; was created successfully.","level":"info"}
{"message":"Description is required","level":"error"}
{"message":"The bookmark titled Naughty naughty very naughty &lt;script&gt;alert(\"xss\");&lt;/script&gt; was created successfully.","level":"info"}
{"message":"Rating must be between 1 and 5","level":"error"}
{"message":"Bookmark with id 123456 was successfully deleted.","level":"info"}
{"message":"Bookmark with id 96 was successfully deleted.","level":"info"}
{"message":"Unauthorized request to path: /bookmarks","level":"error"}
{"message":"The bookmark titled Heroku was created successfully.","level":"info"}
{"message":"Title is required","level":"error"}
{"message":"The bookmark titled Naughty naughty very naughty &lt;script&gt;alert(\"xss\");&lt;/script&gt; was created successfully.","level":"info"}
{"message":"Url is required","level":"error"}
{"message":"The bookmark titled Naughty naughty very naughty &lt;script&gt;alert(\"xss\");&lt;/script&gt; was created successfully.","level":"info"}
{"message":"Rating is required","level":"error"}
{"message":"The bookmark titled Naughty naughty very naughty &lt;script&gt;alert(\"xss\");&lt;/script&gt; was created successfully.","level":"info"}
{"message":"Description is required","level":"error"}
{"message":"The bookmark titled Naughty naughty very naughty &lt;script&gt;alert(\"xss\");&lt;/script&gt; was created successfully.","level":"info"}
{"message":"Rating must be between 1 and 5","level":"error"}
{"message":"The bookmark titled Heroku was created successfully.","level":"info"}
{"message":"Title is required","level":"error"}
{"message":"The bookmark titled Naughty naughty very naughty &lt;script&gt;alert(\"xss\");&lt;/script&gt; was created successfully.","level":"info"}
{"message":"Url is required","level":"error"}
{"message":"The bookmark titled Naughty naughty very naughty &lt;script&gt;alert(\"xss\");&lt;/script&gt; was created successfully.","level":"info"}
{"message":"Rating is required","level":"error"}
{"message":"The bookmark titled Naughty naughty very naughty &lt;script&gt;alert(\"xss\");&lt;/script&gt; was created successfully.","level":"info"}
{"message":"Description is required","level":"error"}
{"message":"The bookmark titled Naughty naughty very naughty &lt;script&gt;alert(\"xss\");&lt;/script&gt; was created successfully.","level":"info"}
{"message":"Rating must be between 1 and 5","level":"error"}
{"message":"The bookmark titled Heroku was created successfully.","level":"info"}
{"message":"Title is required","level":"error"}
{"message":"The bookmark titled Naughty naughty very naughty &lt;script&gt;alert(\"xss\");&lt;/script&gt; was created successfully.","level":"info"}
{"message":"Url is required","level":"error"}
{"message":"The bookmark titled Naughty naughty very naughty &lt;script&gt;alert(\"xss\");&lt;/script&gt; was created successfully.","level":"info"}
{"message":"Rating is required","level":"error"}
{"message":"The bookmark titled Naughty naughty very naughty &lt;script&gt;alert(\"xss\");&lt;/script&gt; was created successfully.","level":"info"}
{"message":"Description is required","level":"error"}
{"message":"The bookmark titled Naughty naughty very naughty &lt;script&gt;alert(\"xss\");&lt;/script&gt; was created successfully.","level":"info"}
{"message":"Rating must be between 1 and 5","level":"error"}
{"message":"The bookmark titled Heroku was created successfully.","level":"info"}
{"message":"Title is required","level":"error"}
{"message":"The bookmark titled Naughty naughty very naughty &lt;script&gt;alert(\"xss\");&lt;/script&gt; was created successfully.","level":"info"}
{"message":"Url is required","level":"error"}
{"message":"The bookmark titled Naughty naughty very naughty &lt;script&gt;alert(\"xss\");&lt;/script&gt; was created successfully.","level":"info"}
{"message":"Rating is required","level":"error"}
{"message":"The bookmark titled Naughty naughty very naughty &lt;script&gt;alert(\"xss\");&lt;/script&gt; was created successfully.","level":"info"}
{"message":"Description is required","level":"error"}
{"message":"The bookmark titled Naughty naughty very naughty &lt;script&gt;alert(\"xss\");&lt;/script&gt; was created successfully.","level":"info"}
{"message":"Rating must be between 1 and 5","level":"error"}
{"message":"The bookmark titled Heroku was created successfully.","level":"info"}
{"message":"Title is required","level":"error"}
{"message":"The bookmark titled Naughty naughty very naughty &lt;script&gt;alert(\"xss\");&lt;/script&gt; was created successfully.","level":"info"}
{"message":"Url is required","level":"error"}
{"message":"The bookmark titled Naughty naughty very naughty &lt;script&gt;alert(\"xss\");&lt;/script&gt; was created successfully.","level":"info"}
{"message":"Rating is required","level":"error"}
{"message":"The bookmark titled Naughty naughty very naughty &lt;script&gt;alert(\"xss\");&lt;/script&gt; was created successfully.","level":"info"}
{"message":"Description is required","level":"error"}
{"message":"The bookmark titled Naughty naughty very naughty &lt;script&gt;alert(\"xss\");&lt;/script&gt; was created successfully.","level":"info"}
{"message":"Rating must be between 1 and 5","level":"error"}
{"message":"The bookmark titled Heroku was created successfully.","level":"info"}
{"message":"Title is required","level":"error"}
{"message":"The bookmark titled Naughty naughty very naughty &lt;script&gt;alert(\"xss\");&lt;/script&gt; was created successfully.","level":"info"}
{"message":"Url is required","level":"error"}
{"message":"The bookmark titled Naughty naughty very naughty &lt;script&gt;alert(\"xss\");&lt;/script&gt; was created successfully.","level":"info"}
{"message":"Rating is required","level":"error"}
{"message":"The bookmark titled Naughty naughty very naughty &lt;script&gt;alert(\"xss\");&lt;/script&gt; was created successfully.","level":"info"}
{"message":"Description is required","level":"error"}
{"message":"The bookmark titled Naughty naughty very naughty &lt;script&gt;alert(\"xss\");&lt;/script&gt; was created successfully.","level":"info"}
{"message":"Rating must be between 1 and 5","level":"error"}
{"message":"The bookmark titled Heroku was created successfully.","level":"info"}
{"message":"Title is required","level":"error"}
{"message":"The bookmark titled Naughty naughty very naughty &lt;script&gt;alert(\"xss\");&lt;/script&gt; was created successfully.","level":"info"}
{"message":"Url is required","level":"error"}
{"message":"The bookmark titled Naughty naughty very naughty &lt;script&gt;alert(\"xss\");&lt;/script&gt; was created successfully.","level":"info"}
{"message":"Rating is required","level":"error"}
{"message":"The bookmark titled Naughty naughty very naughty &lt;script&gt;alert(\"xss\");&lt;/script&gt; was created successfully.","level":"info"}
{"message":"Description is required","level":"error"}
{"message":"The bookmark titled Naughty naughty very naughty &lt;script&gt;alert(\"xss\");&lt;/script&gt; was created successfully.","level":"info"}
{"message":"Rating must be between 1 and 5","level":"error"}
{"message":"The bookmark titled Heroku was created successfully.","level":"info"}
{"message":"Title is required","level":"error"}
{"message":"The bookmark titled Naughty naughty very naughty &lt;script&gt;alert(\"xss\");&lt;/script&gt; was created successfully.","level":"info"}
{"message":"Url is required","level":"error"}
{"message":"The bookmark titled Naughty naughty very naughty &lt;script&gt;alert(\"xss\");&lt;/script&gt; was created successfully.","level":"info"}
{"message":"Rating is required","level":"error"}
{"message":"The bookmark titled Naughty naughty very naughty &lt;script&gt;alert(\"xss\");&lt;/script&gt; was created successfully.","level":"info"}
{"message":"Description is required","level":"error"}
{"message":"The bookmark titled Naughty naughty very naughty &lt;script&gt;alert(\"xss\");&lt;/script&gt; was created successfully.","level":"info"}
{"message":"Rating must be between 1 and 5","level":"error"}
{"message":"The bookmark titled Heroku was created successfully.","level":"info"}
{"message":"Title is required","level":"error"}
{"message":"The bookmark titled Naughty naughty very naughty &lt;script&gt;alert(\"xss\");&lt;/script&gt; was created successfully.","level":"info"}
{"message":"Url is required","level":"error"}
{"message":"The bookmark titled Naughty naughty very naughty &lt;script&gt;alert(\"xss\");&lt;/script&gt; was created successfully.","level":"info"}
{"message":"Rating is required","level":"error"}
{"message":"The bookmark titled Naughty naughty very naughty &lt;script&gt;alert(\"xss\");&lt;/script&gt; was created successfully.","level":"info"}
{"message":"Description is required","level":"error"}
{"message":"The bookmark titled Naughty naughty very naughty &lt;script&gt;alert(\"xss\");&lt;/script&gt; was created successfully.","level":"info"}
{"message":"Rating must be between 1 and 5","level":"error"}
{"message":"The bookmark titled Heroku was created successfully.","level":"info"}
{"message":"Title is required","level":"error"}
{"message":"The bookmark titled Naughty naughty very naughty &lt;script&gt;alert(\"xss\");&lt;/script&gt; was created successfully.","level":"info"}
{"message":"Url is required","level":"error"}
{"message":"The bookmark titled Naughty naughty very naughty &lt;script&gt;alert(\"xss\");&lt;/script&gt; was created successfully.","level":"info"}
{"message":"Rating is required","level":"error"}
{"message":"The bookmark titled Naughty naughty very naughty &lt;script&gt;alert(\"xss\");&lt;/script&gt; was created successfully.","level":"info"}
{"message":"Description is required","level":"error"}
{"message":"The bookmark titled Naughty naughty very naughty &lt;script&gt;alert(\"xss\");&lt;/script&gt; was created successfully.","level":"info"}
{"message":"Rating must be between 1 and 5","level":"error"}
{"message":"The bookmark titled Heroku was created successfully.","level":"info"}
{"message":"Title is required","level":"error"}
{"message":"The bookmark titled Naughty naughty very naughty &lt;script&gt;alert(\"xss\");&lt;/script&gt; was created successfully.","level":"info"}
{"message":"Url is required","level":"error"}
{"message":"The bookmark titled Naughty naughty very naughty &lt;script&gt;alert(\"xss\");&lt;/script&gt; was created successfully.","level":"info"}
{"message":"Rating is required","level":"error"}
{"message":"The bookmark titled Naughty naughty very naughty &lt;script&gt;alert(\"xss\");&lt;/script&gt; was created successfully.","level":"info"}
{"message":"Description is required","level":"error"}
{"message":"The bookmark titled Naughty naughty very naughty &lt;script&gt;alert(\"xss\");&lt;/script&gt; was created successfully.","level":"info"}
{"message":"Rating must be between 1 and 5","level":"error"}
{"message":"The bookmark titled Heroku was created successfully.","level":"info"}
{"message":"Title is required","level":"error"}
{"message":"The bookmark titled Naughty naughty very naughty &lt;script&gt;alert(\"xss\");&lt;/script&gt; was created successfully.","level":"info"}
{"message":"Url is required","level":"error"}
{"message":"The bookmark titled Naughty naughty very naughty &lt;script&gt;alert(\"xss\");&lt;/script&gt; was created successfully.","level":"info"}
{"message":"Rating is required","level":"error"}
{"message":"The bookmark titled Naughty naughty very naughty &lt;script&gt;alert(\"xss\");&lt;/script&gt; was created successfully.","level":"info"}
{"message":"Description is required","level":"error"}
{"message":"The bookmark titled Naughty naughty very naughty &lt;script&gt;alert(\"xss\");&lt;/script&gt; was created successfully.","level":"info"}
{"message":"Rating must be between 1 and 5","level":"error"}
{"message":"Unauthorized request to path: /bookmarks","level":"error"}
{"message":"The bookmark titled Heroku was created successfully.","level":"info"}
{"message":"Title is required","level":"error"}
{"message":"The bookmark titled Naughty naughty very naughty &lt;script&gt;alert(\"xss\");&lt;/script&gt; was created successfully.","level":"info"}
{"message":"Url is required","level":"error"}
{"message":"The bookmark titled Naughty naughty very naughty &lt;script&gt;alert(\"xss\");&lt;/script&gt; was created successfully.","level":"info"}
{"message":"Rating is required","level":"error"}
{"message":"The bookmark titled Naughty naughty very naughty &lt;script&gt;alert(\"xss\");&lt;/script&gt; was created successfully.","level":"info"}
{"message":"Description is required","level":"error"}
{"message":"The bookmark titled Naughty naughty very naughty &lt;script&gt;alert(\"xss\");&lt;/script&gt; was created successfully.","level":"info"}
{"message":"Rating must be between 1 and 5","level":"error"}
{"message":"Unauthorized request to path: /bookmarks","level":"error"}
{"message":"The bookmark titled Heroku was created successfully.","level":"info"}
{"message":"Title is required","level":"error"}
{"message":"The bookmark titled Naughty naughty very naughty &lt;script&gt;alert(\"xss\");&lt;/script&gt; was created successfully.","level":"info"}
{"message":"Url is required","level":"error"}
{"message":"The bookmark titled Naughty naughty very naughty &lt;script&gt;alert(\"xss\");&lt;/script&gt; was created successfully.","level":"info"}
{"message":"Rating is required","level":"error"}
{"message":"The bookmark titled Naughty naughty very naughty &lt;script&gt;alert(\"xss\");&lt;/script&gt; was created successfully.","level":"info"}
{"message":"Description is required","level":"error"}
{"message":"The bookmark titled Naughty naughty very naughty &lt;script&gt;alert(\"xss\");&lt;/script&gt; was created successfully.","level":"info"}
{"message":"Rating must be between 1 and 5","level":"error"}
{"message":"Unauthorized request to path: /bookmarks","level":"error"}
{"message":"The bookmark titled Heroku was created successfully.","level":"info"}
{"message":"Title is required","level":"error"}
{"message":"The bookmark titled Naughty naughty very naughty &lt;script&gt;alert(\"xss\");&lt;/script&gt; was created successfully.","level":"info"}
{"message":"Url is required","level":"error"}
{"message":"The bookmark titled Naughty naughty very naughty &lt;script&gt;alert(\"xss\");&lt;/script&gt; was created successfully.","level":"info"}
{"message":"Rating is required","level":"error"}
{"message":"The bookmark titled Naughty naughty very naughty &lt;script&gt;alert(\"xss\");&lt;/script&gt; was created successfully.","level":"info"}
{"message":"Description is required","level":"error"}
{"message":"The bookmark titled Naughty naughty very naughty &lt;script&gt;alert(\"xss\");&lt;/script&gt; was created successfully.","level":"info"}
{"message":"Rating must be between 1 and 5","level":"error"}
{"message":"Unauthorized request to path: /bookmarks","level":"error"}
{"message":"The bookmark titled Periwinkle was created successfully.","level":"info"}
{"message":"The bookmark titled Amazon was created successfully.","level":"info"}
{"message":"The bookmark titled Heroku was created successfully.","level":"info"}
{"message":"Title is required","level":"error"}
{"message":"The bookmark titled Naughty naughty very naughty &lt;script&gt;alert(\"xss\");&lt;/script&gt; was created successfully.","level":"info"}
{"message":"Url is required","level":"error"}
{"message":"The bookmark titled Naughty naughty very naughty &lt;script&gt;alert(\"xss\");&lt;/script&gt; was created successfully.","level":"info"}
{"message":"Rating is required","level":"error"}
{"message":"The bookmark titled Naughty naughty very naughty &lt;script&gt;alert(\"xss\");&lt;/script&gt; was created successfully.","level":"info"}
{"message":"Description is required","level":"error"}
{"message":"The bookmark titled Naughty naughty very naughty &lt;script&gt;alert(\"xss\");&lt;/script&gt; was created successfully.","level":"info"}
{"message":"Rating must be between 1 and 5","level":"error"}
{"message":"Unauthorized request to path: /bookmarks","level":"error"}
{"message":"The bookmark titled Heroku was created successfully.","level":"info"}
{"message":"Title is required","level":"error"}
{"message":"The bookmark titled Naughty naughty very naughty &lt;script&gt;alert(\"xss\");&lt;/script&gt; was created successfully.","level":"info"}
{"message":"Url is required","level":"error"}
{"message":"The bookmark titled Naughty naughty very naughty &lt;script&gt;alert(\"xss\");&lt;/script&gt; was created successfully.","level":"info"}
{"message":"Rating is required","level":"error"}
{"message":"The bookmark titled Naughty naughty very naughty &lt;script&gt;alert(\"xss\");&lt;/script&gt; was created successfully.","level":"info"}
{"message":"Description is required","level":"error"}
{"message":"The bookmark titled Naughty naughty very naughty &lt;script&gt;alert(\"xss\");&lt;/script&gt; was created successfully.","level":"info"}
{"message":"Rating must be between 1 and 5","level":"error"}
